Run 1:  Tue Apr 01 15:18:04 2014.  sonnet9.2.99999.
        Em version 14.54 (64-bit Windows) on VIPER local.

  Project:  E:\SonnetLab\SonnetLab_v7.3\CurrentVisualization\SixTenths_nH_Oct.son.

    Post-Analysis:
      Errors detected: 0    Warnings detected: 0.

Analysis completed Tue Apr 01 15:18:27 2014.


Run 2:  Tue Apr 01 15:35:05 2014.  sonnet9.2.99999.
        Em version 14.54 (64-bit Windows) on VIPER local.

  Project:  E:\SonnetLab\SonnetLab_v7.3\CurrentVisualization\SixTenths_nH.son.

    Post-Analysis:
      Errors detected: 0    Warnings detected: 0.

Analysis completed Tue Apr 01 15:35:05 2014.


Run 2:  Wed Apr 02 11:05:54 2014.  sonnet9.2.99999.
        Em version 14.54 (64-bit Windows) on AMARI local.

  Project:  C:\Users\rroach.SONNETSOFTWARE\Documents\MATLAB\SonnetLab7\v7.0\Examples\JXY Current Vector Demo\SixTenths_nH.son.

    Post-Analysis:
      Errors detected: 0    Warnings detected: 0.

Analysis completed Wed Apr 02 11:05:54 2014.


Run 2:  Wed Apr 02 11:09:32 2014.  sonnet9.2.99999.
        Em version 14.54 (64-bit Windows) on AMARI local.

  Project:  C:\Users\rroach.SONNETSOFTWARE\Documents\MATLAB\SonnetLab7\v7.0\Examples\JXY Current Vector Demo\SixTenths_nH.son.

    Post-Analysis:
      Errors detected: 0    Warnings detected: 0.

Analysis completed Wed Apr 02 11:09:32 2014.
