2018-04-06 21:41:35,004 WARN QOS_correctf01byPhase:noF01_set - f01_set value empty in registry, f01 updated but no corrected.
2018-04-06 21:41:35,159 WARN QOS_correctf01byPhase:noF01_set - f01_set value empty in registry, f01 updated but no corrected.
2018-04-06 21:41:35,179 WARN QOS_correctf01byPhase:noF01_set - f01_set value empty in registry, f01 updated but no corrected.
2018-04-06 21:41:35,362 WARN QOS_xyGateAmpTuner:visibilityTooLow - q1 visibility(0.11) too low, run xyGateAmpTuner at low visibility might produce wrong results, tuning for this qubit will be skipped.
2018-04-06 21:42:54,134 WARN QOS_xyGateAmpTuner:findsPkLocError - q7 fitting error too large.
2018-04-06 21:42:54,154 WARN QOS_xyGateAmpTuner:findsPkLocError - q11 fitting error too large.
2018-04-06 21:44:44,526 WARN QOS_xyGateAmpTuner:findsPkLocError - q5 fitting error too large.
2018-04-06 21:44:44,561 WARN QOS_xyGateAmpTuner:findsPkLocError - q9 fitting error too large.
2018-04-06 21:46:34,317 WARN QOS_xyGateAmpTuner:findsPkLocError - q12 fitting error too large.
2018-04-06 21:48:52,836 WARN QOS_xyGateAmpTuner:findsPkLocError - q2 gate amplitude probably out of range.
2018-04-06 21:53:56,287 ERROR QOS_czAmplitude:czAmplitude - q3,q4 acz amplitude not found! Probably out of range.
2018-04-06 21:55:43,209 ERROR QOS_czAmplitude:czAmplitude - q5,q4 acz amplitude not found! Probably out of range.
2018-04-06 22:02:55,951 ERROR QOS_czAmplitude:czAmplitude - q9,q8 acz amplitude not found! Probably out of range.
2018-04-06 22:04:44,614 ERROR QOS_czAmplitude:czAmplitude - q9,q10 acz amplitude not found! Probably out of range.
2018-04-06 23:09:38,425 WARN QOS_correctf01byPhase:noF01_set - f01_set value empty in registry, f01 updated but no corrected.
2018-04-06 23:09:38,536 WARN QOS_correctf01byPhase:noF01_set - f01_set value empty in registry, f01 updated but no corrected.
2018-04-06 23:09:38,551 WARN QOS_correctf01byPhase:noF01_set - f01_set value empty in registry, f01 updated but no corrected.
2018-04-06 23:14:36,855 WARN QOS_xyGateAmpTuner:findsPkLocError - q6 gate amplitude probably out of range.
2018-04-06 23:14:36,870 WARN QOS_xyGateAmpTuner:findsPkLocError - q12 gate amplitude probably out of range.
2018-04-06 23:30:54,456 ERROR QOS_czAmplitude:czAmplitude - q9,q8 acz amplitude not found! Probably out of range.
2018-04-06 23:32:43,008 ERROR QOS_czAmplitude:czAmplitude - q9,q10 acz amplitude not found! Probably out of range.
2018-04-07 00:37:35,213 WARN QOS_correctf01byPhase:noF01_set - f01_set value empty in registry, f01 updated but no corrected.
2018-04-07 00:37:35,321 WARN QOS_correctf01byPhase:noF01_set - f01_set value empty in registry, f01 updated but no corrected.
2018-04-07 00:37:35,337 WARN QOS_correctf01byPhase:noF01_set - f01_set value empty in registry, f01 updated but no corrected.
2018-04-07 00:42:32,544 WARN QOS_xyGateAmpTuner:findsPkLocError - q6 gate amplitude probably out of range.
2018-04-07 00:42:32,553 WARN QOS_xyGateAmpTuner:findsPkLocError - q12 gate amplitude probably out of range.
2018-04-07 00:49:51,229 ERROR QOS_czAmplitude:czAmplitude - q3,q4 acz amplitude not found! Probably out of range.
2018-04-07 00:58:46,224 ERROR QOS_czAmplitude:czAmplitude - q9,q8 acz amplitude not found! Probably out of range.
2018-04-07 01:00:34,996 ERROR QOS_czAmplitude:czAmplitude - q9,q10 acz amplitude not found! Probably out of range.
2018-04-07 02:05:25,525 WARN QOS_correctf01byPhase:noF01_set - f01_set value empty in registry, f01 updated but no corrected.
2018-04-07 02:05:25,634 WARN QOS_correctf01byPhase:noF01_set - f01_set value empty in registry, f01 updated but no corrected.
2018-04-07 02:05:25,649 WARN QOS_correctf01byPhase:noF01_set - f01_set value empty in registry, f01 updated but no corrected.
2018-04-07 02:10:20,773 WARN QOS_xyGateAmpTuner:findsPkLocError - q6 gate amplitude probably out of range.
2018-04-07 02:10:20,785 WARN QOS_xyGateAmpTuner:findsPkLocError - q12 gate amplitude probably out of range.
2018-04-07 02:17:40,138 ERROR QOS_czAmplitude:czAmplitude - q3,q4 acz amplitude not found! Probably out of range.
2018-04-07 02:24:49,901 ERROR QOS_czAmplitude:czAmplitude - q7,q8 acz amplitude not found! Probably out of range.
2018-04-07 02:26:37,662 ERROR QOS_czAmplitude:czAmplitude - q9,q8 acz amplitude not found! Probably out of range.
2018-04-07 02:28:26,136 ERROR QOS_czAmplitude:czAmplitude - q9,q10 acz amplitude not found! Probably out of range.
2018-04-07 03:33:18,238 WARN QOS_correctf01byPhase:noF01_set - f01_set value empty in registry, f01 updated but no corrected.
2018-04-07 03:33:18,346 WARN QOS_correctf01byPhase:noF01_set - f01_set value empty in registry, f01 updated but no corrected.
2018-04-07 03:33:18,361 WARN QOS_correctf01byPhase:noF01_set - f01_set value empty in registry, f01 updated but no corrected.
2018-04-07 03:38:13,325 WARN QOS_xyGateAmpTuner:findsPkLocError - q6 gate amplitude probably out of range.
2018-04-07 03:47:18,796 ERROR QOS_czAmplitude:czAmplitude - q5,q4 acz amplitude not found! Probably out of range.
2018-04-07 03:54:26,808 ERROR QOS_czAmplitude:czAmplitude - q9,q8 acz amplitude not found! Probably out of range.
2018-04-07 03:56:14,380 ERROR QOS_czAmplitude:czAmplitude - q9,q10 acz amplitude not found! Probably out of range.
2018-04-07 05:01:05,579 WARN QOS_correctf01byPhase:noF01_set - f01_set value empty in registry, f01 updated but no corrected.
2018-04-07 05:01:05,688 WARN QOS_correctf01byPhase:noF01_set - f01_set value empty in registry, f01 updated but no corrected.
2018-04-07 05:01:05,703 WARN QOS_correctf01byPhase:noF01_set - f01_set value empty in registry, f01 updated but no corrected.
2018-04-07 05:06:01,376 WARN QOS_xyGateAmpTuner:findsPkLocError - q6 gate amplitude probably out of range.
2018-04-07 05:13:21,041 ERROR QOS_czAmplitude:czAmplitude - q3,q4 acz amplitude not found! Probably out of range.
2018-04-07 05:15:08,456 ERROR QOS_czAmplitude:czAmplitude - q5,q4 acz amplitude not found! Probably out of range.
2018-04-07 05:22:17,434 ERROR QOS_czAmplitude:czAmplitude - q9,q8 acz amplitude not found! Probably out of range.
2018-04-07 05:24:04,745 ERROR QOS_czAmplitude:czAmplitude - q9,q10 acz amplitude not found! Probably out of range.
2018-04-07 06:28:57,671 WARN QOS_correctf01byPhase:noF01_set - f01_set value empty in registry, f01 updated but no corrected.
2018-04-07 06:28:57,778 WARN QOS_correctf01byPhase:noF01_set - f01_set value empty in registry, f01 updated but no corrected.
2018-04-07 06:28:57,794 WARN QOS_correctf01byPhase:noF01_set - f01_set value empty in registry, f01 updated but no corrected.
2018-04-07 06:33:53,736 WARN QOS_xyGateAmpTuner:findsPkLocError - q6 gate amplitude probably out of range.
2018-04-07 06:42:59,613 ERROR QOS_czAmplitude:czAmplitude - q5,q4 acz amplitude not found! Probably out of range.
2018-04-07 06:48:20,433 ERROR QOS_czAmplitude:czAmplitude - q7,q8 acz amplitude not found! Probably out of range.
2018-04-07 06:50:08,224 ERROR QOS_czAmplitude:czAmplitude - q9,q8 acz amplitude not found! Probably out of range.
2018-04-07 06:51:55,777 ERROR QOS_czAmplitude:czAmplitude - q9,q10 acz amplitude not found! Probably out of range.
2018-04-07 07:56:47,031 WARN QOS_correctf01byPhase:noF01_set - f01_set value empty in registry, f01 updated but no corrected.
2018-04-07 07:56:47,139 WARN QOS_correctf01byPhase:noF01_set - f01_set value empty in registry, f01 updated but no corrected.
2018-04-07 07:56:47,155 WARN QOS_correctf01byPhase:noF01_set - f01_set value empty in registry, f01 updated but no corrected.
2018-04-07 08:01:41,447 WARN QOS_xyGateAmpTuner:findsPkLocError - q6 gate amplitude probably out of range.
2018-04-07 08:17:54,496 ERROR QOS_czAmplitude:czAmplitude - q9,q8 acz amplitude not found! Probably out of range.
2018-04-07 08:19:41,885 ERROR QOS_czAmplitude:czAmplitude - q9,q10 acz amplitude not found! Probably out of range.
2018-04-07 09:24:33,072 WARN QOS_correctf01byPhase:noF01_set - f01_set value empty in registry, f01 updated but no corrected.
2018-04-07 09:24:33,181 WARN QOS_correctf01byPhase:noF01_set - f01_set value empty in registry, f01 updated but no corrected.
2018-04-07 09:24:33,197 WARN QOS_correctf01byPhase:noF01_set - f01_set value empty in registry, f01 updated but no corrected.
2018-04-07 09:29:30,069 WARN QOS_xyGateAmpTuner:findsPkLocError - q6 gate amplitude probably out of range.
2018-04-07 09:46:09,491 ERROR QOS_czAmplitude:czAmplitude - q9,q8 acz amplitude not found! Probably out of range.
2018-04-09 07:17:34,009 ERROR QOS_czAmplitude:dataTakingError - 类 'sqc.op.physical.gate.ACZ' 没有恰当的方法、属性或字段 'f01'。
2018-04-11 07:02:23,438 WARN QOS_correctf01byPhase:noF01_set - f01_set value empty in registry, f01 updated but no corrected.
2018-04-11 07:17:02,349 ERROR QOS_czAmplitude:czAmplitude - q3,q4 acz amplitude not found! Probably out of range.
2018-04-11 07:20:59,599 ERROR QOS_czAmplitude:czAmplitude - q5,q6 acz amplitude not found! Probably out of range.
2018-04-11 07:21:45,575 ERROR QOS_czAmplitude:dataTakingError - zpls_amp2f01 setting for qubit q7 needs to be updated.
2018-04-23 19:03:53,273 WARN QOS_correctf01byPhase:noF01_set - f01_set value empty in registry, f01 updated but no corrected.
